<?xml version="1.0" encoding="UTF-8"?>
<!-- Generated by org.testng.reporters.JUnitXMLReporter -->
<testsuite hostname="INDIA" ignored="0" name="Default test" tests="7" failures="0" timestamp="09 Apr 2018 11:14:18 GMT" time="0.119" errors="0">
  <testcase name="Cva" time="0.017" classname="com.testNG.sel.DependsAttributeTNG"/>
  <testcase name="Prabha" time="0.003" classname="com.testNG.sel.DependsAttributeTNG"/>
  <testcase name="krishna" time="0.006" classname="com.testNG.sel.DependsAttributeTNG"/>
  <testcase name="poorna" time="0.004" classname="com.testNG.sel.DependsAttributeTNG"/>
  <testcase name="teja" time="0.007" classname="com.testNG.sel.DependsAttributeTNG"/>
  <testcase name="hari" time="0.003" classname="com.testNG.sel.DependsAttributeTNG"/>
  <testcase name="sudha" time="0.003" classname="com.testNG.sel.DependsAttributeTNG"/>
</testsuite> <!-- Default test -->
