<?xml version="1.0" encoding="UTF-8"?>
<!-- Generated by org.testng.reporters.JUnitXMLReporter -->
<testsuite hostname="INDIA" ignored="0" name="Test" tests="5" failures="0" timestamp="09 Apr 2018 10:47:00 GMT" time="0.064" errors="0">
  <testcase name="babu" time="0.015" classname="com.testNG.sel.DependsAttributeTNG"/>
  <testcase name="purush" time="0.002" classname="com.testNG.sel.DependsAttributeTNG"/>
  <testcase name="soori" time="0.002" classname="com.testNG.sel.DependsAttributeTNG"/>
  <testcase name="chethan" time="0.001" classname="com.testNG.sel.DependsAttributeTNG"/>
  <testcase name="cav" time="0.002" classname="com.testNG.sel.DependsAttributeTNG"/>
</testsuite> <!-- Test -->
